TN:
SF:src\enums\alignment.enum.ts
FNF:0
FNH:0
DA:1,1
DA:2,1
DA:3,1
DA:4,1
LF:4
LH:4
BRDA:1,0,0,1
BRF:1
BRH:1
end_of_record
TN:
SF:src\enums\base-color.enum.ts
FNF:0
FNH:0
DA:1,1
DA:2,1
DA:3,1
DA:4,1
DA:5,1
LF:5
LH:5
BRDA:1,0,0,1
BRF:1
BRH:1
end_of_record
TN:
SF:src\enums\brand-color.enum.ts
FNF:0
FNH:0
DA:1,1
DA:2,1
DA:3,1
DA:4,1
DA:5,1
LF:5
LH:5
BRDA:1,0,0,1
BRF:1
BRH:1
end_of_record
TN:
SF:src\enums\functional-color.enum.ts
FNF:0
FNH:0
DA:1,1
DA:2,1
DA:3,1
DA:4,1
DA:5,1
DA:6,1
LF:6
LH:6
BRDA:1,0,0,1
BRF:1
BRH:1
end_of_record
TN:
SF:src\enums\horizontal-alignment.enum.ts
FNF:0
FNH:0
DA:1,1
DA:2,1
DA:3,1
DA:4,1
DA:5,1
LF:5
LH:5
BRDA:1,0,0,1
BRF:1
BRH:1
end_of_record
TN:
SF:src\enums\index.ts
FNF:0
FNH:0
DA:1,1
DA:2,1
DA:3,1
DA:4,1
DA:5,1
DA:6,1
DA:7,1
DA:8,1
LF:8
LH:8
BRF:0
BRH:0
end_of_record
TN:
SF:src\enums\position.enum.ts
FNF:0
FNH:0
DA:1,1
DA:2,1
DA:3,1
DA:4,1
DA:5,1
DA:6,1
LF:6
LH:6
BRDA:1,0,0,1
BRF:1
BRH:1
end_of_record
TN:
SF:src\enums\size.enum.ts
FNF:0
FNH:0
DA:1,1
DA:2,1
DA:3,1
DA:4,1
DA:5,1
DA:6,1
LF:6
LH:6
BRDA:1,0,0,1
BRF:1
BRH:1
end_of_record
TN:
SF:src\enums\vertical-alignment.enum.ts
FNF:0
FNH:0
DA:1,1
DA:2,1
DA:3,1
DA:4,1
DA:5,1
LF:5
LH:5
BRDA:1,0,0,1
BRF:1
BRH:1
end_of_record
TN:
SF:src\utils\classes.ts
FN:4,classes
FNF:1
FNH:1
FNDA:8,classes
DA:1,1
DA:2,1
DA:3,1
DA:4,1
DA:5,8
DA:6,8
DA:7,8
DA:8,8
DA:9,8
DA:10,8
DA:11,8
DA:12,8
DA:13,8
DA:14,8
DA:15,8
DA:16,8
DA:17,10
DA:18,10
DA:19,10
DA:20,3
DA:21,10
DA:22,10
DA:23,8
DA:24,8
DA:25,8
DA:26,8
DA:27,8
DA:28,8
DA:29,8
DA:30,8
DA:31,8
DA:32,8
DA:33,8
DA:34,8
DA:35,8
DA:36,8
DA:37,8
DA:38,8
DA:39,1
DA:40,1
DA:41,1
DA:42,8
DA:43,8
DA:44,8
LF:44
LH:44
BRDA:4,0,0,8
BRDA:16,1,0,10
BRDA:18,2,0,2
BRDA:18,3,0,8
BRDA:19,4,0,5
BRDA:19,5,0,5
BRDA:20,6,0,5
BRDA:19,7,0,3
BRDA:38,8,0,1
BRDA:38,9,0,1
BRDA:38,10,0,1
BRF:11
BRH:11
end_of_record
TN:
SF:src\utils\file.ts
FN:5,readDirRecursively
FN:18,write
FN:26,read
FN:31,remove
FN:36,getExtension
FN:40,getName
FN:44,join
FN:48,resolve
FN:52,getRelative
FN:56,normalize
FN:60,changeExtension
FNF:11
FNH:0
FNDA:0,readDirRecursively
FNDA:0,write
FNDA:0,read
FNDA:0,remove
FNDA:0,getExtension
FNDA:0,getName
FNDA:0,join
FNDA:0,resolve
FNDA:0,getRelative
FNDA:0,normalize
FNDA:0,changeExtension
DA:1,1
DA:2,1
DA:3,1
DA:4,1
DA:5,1
DA:6,0
DA:7,0
DA:8,0
DA:9,0
DA:10,0
DA:11,0
DA:12,0
DA:13,0
DA:14,0
DA:15,0
DA:16,0
DA:17,1
DA:18,1
DA:19,0
DA:20,0
DA:21,0
DA:22,0
DA:23,0
DA:24,0
DA:25,1
DA:26,1
DA:27,0
DA:28,0
DA:29,0
DA:30,1
DA:31,1
DA:32,0
DA:33,0
DA:34,0
DA:35,1
DA:36,1
DA:37,0
DA:38,0
DA:39,1
DA:40,1
DA:41,0
DA:42,0
DA:43,1
DA:44,1
DA:45,0
DA:46,0
DA:47,1
DA:48,1
DA:49,0
DA:50,0
DA:51,1
DA:52,1
DA:53,0
DA:54,0
DA:55,1
DA:56,1
DA:57,0
DA:58,0
DA:59,1
DA:60,1
DA:61,0
DA:62,0
DA:63,0
DA:64,0
DA:65,0
DA:66,0
DA:67,0
DA:68,0
DA:69,1
LF:69
LH:26
BRF:0
BRH:0
end_of_record
TN:
SF:src\utils\index.ts
FNF:0
FNH:0
DA:1,1
DA:2,1
LF:2
LH:2
BRF:0
BRH:0
end_of_record
